[2024-02-27 08:26:02Z INFO HostContext] No proxy settings were found based on environmental variables (http_proxy/https_proxy/HTTP_PROXY/HTTPS_PROXY)
[2024-02-27 08:26:02Z INFO HostContext] Well known directory 'Bin': 'C:\Users\gsss\Downloads\questionBank\actions-runner\bin'
[2024-02-27 08:26:02Z INFO HostContext] Well known directory 'Root': 'C:\Users\gsss\Downloads\questionBank\actions-runner'
[2024-02-27 08:26:02Z INFO HostContext] Well known config file 'Credentials': 'C:\Users\gsss\Downloads\questionBank\actions-runner\.credentials'
[2024-02-27 08:26:02Z INFO HostContext] Well known directory 'Bin': 'C:\Users\gsss\Downloads\questionBank\actions-runner\bin'
[2024-02-27 08:26:02Z INFO HostContext] Well known directory 'Root': 'C:\Users\gsss\Downloads\questionBank\actions-runner'
[2024-02-27 08:26:02Z INFO HostContext] Well known config file 'Runner': 'C:\Users\gsss\Downloads\questionBank\actions-runner\.runner'
[2024-02-27 08:26:02Z INFO Listener] Runner is built for Windows (X64) - win-x64.
[2024-02-27 08:26:02Z INFO Listener] RuntimeInformation: Microsoft Windows 10.0.19045.
[2024-02-27 08:26:02Z INFO Listener] Version: 2.313.0
[2024-02-27 08:26:02Z INFO Listener] Commit: d502c4623e5cd140e949f1e644ffe03762bd4151
[2024-02-27 08:26:02Z INFO Listener] Culture: en-IN
[2024-02-27 08:26:02Z INFO Listener] UI Culture: en-US
[2024-02-27 08:26:02Z INFO HostContext] Well known directory 'Bin': 'C:\Users\gsss\Downloads\questionBank\actions-runner\bin'
[2024-02-27 08:26:02Z INFO HostContext] Well known directory 'Root': 'C:\Users\gsss\Downloads\questionBank\actions-runner'
[2024-02-27 08:26:02Z INFO Listener] Validating directory permissions for: 'C:\Users\gsss\Downloads\questionBank\actions-runner'
[2024-02-27 08:26:02Z INFO CommandLineParser] Parse
[2024-02-27 08:26:02Z INFO CommandLineParser] Parsing 5 args
[2024-02-27 08:26:02Z INFO CommandLineParser] parsing argument
[2024-02-27 08:26:02Z INFO CommandLineParser] HasArgs: False
[2024-02-27 08:26:02Z INFO CommandLineParser] Adding Command: configure
[2024-02-27 08:26:02Z INFO CommandLineParser] parsing argument
[2024-02-27 08:26:02Z INFO CommandLineParser] HasArgs: True
[2024-02-27 08:26:02Z INFO CommandLineParser] arg: url
[2024-02-27 08:26:02Z INFO CommandLineParser] parsing argument
[2024-02-27 08:26:02Z INFO CommandLineParser] HasArgs: True
[2024-02-27 08:26:02Z INFO CommandLineParser] Adding option 'url': 'https://github.com/GopiAgasthia/QBApp'
[2024-02-27 08:26:02Z INFO CommandLineParser] parsing argument
[2024-02-27 08:26:02Z INFO CommandLineParser] HasArgs: True
[2024-02-27 08:26:02Z INFO CommandLineParser] arg: token
[2024-02-27 08:26:02Z INFO CommandLineParser] parsing argument
[2024-02-27 08:26:02Z INFO CommandLineParser] HasArgs: True
[2024-02-27 08:26:02Z INFO CommandLineParser] Adding option 'token': '***'
[2024-02-27 08:26:02Z INFO Listener] Arguments parsed
[2024-02-27 08:26:02Z INFO Runner] ExecuteCommand
[2024-02-27 08:26:02Z INFO ConfigurationStore] currentAssemblyLocation: C:\Users\gsss\Downloads\questionBank\actions-runner\bin\Runner.Listener.dll
[2024-02-27 08:26:02Z INFO HostContext] Well known directory 'Bin': 'C:\Users\gsss\Downloads\questionBank\actions-runner\bin'
[2024-02-27 08:26:02Z INFO ConfigurationStore] binPath: C:\Users\gsss\Downloads\questionBank\actions-runner\bin
[2024-02-27 08:26:02Z INFO HostContext] Well known directory 'Bin': 'C:\Users\gsss\Downloads\questionBank\actions-runner\bin'
[2024-02-27 08:26:02Z INFO HostContext] Well known directory 'Root': 'C:\Users\gsss\Downloads\questionBank\actions-runner'
[2024-02-27 08:26:02Z INFO ConfigurationStore] RootFolder: C:\Users\gsss\Downloads\questionBank\actions-runner
[2024-02-27 08:26:02Z INFO HostContext] Well known directory 'Bin': 'C:\Users\gsss\Downloads\questionBank\actions-runner\bin'
[2024-02-27 08:26:02Z INFO HostContext] Well known directory 'Root': 'C:\Users\gsss\Downloads\questionBank\actions-runner'
[2024-02-27 08:26:02Z INFO HostContext] Well known config file 'Runner': 'C:\Users\gsss\Downloads\questionBank\actions-runner\.runner'
[2024-02-27 08:26:02Z INFO ConfigurationStore] ConfigFilePath: C:\Users\gsss\Downloads\questionBank\actions-runner\.runner
[2024-02-27 08:26:02Z INFO HostContext] Well known directory 'Bin': 'C:\Users\gsss\Downloads\questionBank\actions-runner\bin'
[2024-02-27 08:26:02Z INFO HostContext] Well known directory 'Root': 'C:\Users\gsss\Downloads\questionBank\actions-runner'
[2024-02-27 08:26:02Z INFO HostContext] Well known config file 'Credentials': 'C:\Users\gsss\Downloads\questionBank\actions-runner\.credentials'
[2024-02-27 08:26:02Z INFO ConfigurationStore] CredFilePath: C:\Users\gsss\Downloads\questionBank\actions-runner\.credentials
[2024-02-27 08:26:02Z INFO HostContext] Well known directory 'Bin': 'C:\Users\gsss\Downloads\questionBank\actions-runner\bin'
[2024-02-27 08:26:02Z INFO HostContext] Well known directory 'Root': 'C:\Users\gsss\Downloads\questionBank\actions-runner'
[2024-02-27 08:26:02Z INFO HostContext] Well known config file 'MigratedCredentials': 'C:\Users\gsss\Downloads\questionBank\actions-runner\.credentials_migrated'
[2024-02-27 08:26:02Z INFO ConfigurationStore] MigratedCredFilePath: C:\Users\gsss\Downloads\questionBank\actions-runner\.credentials_migrated
[2024-02-27 08:26:02Z INFO HostContext] Well known directory 'Bin': 'C:\Users\gsss\Downloads\questionBank\actions-runner\bin'
[2024-02-27 08:26:02Z INFO HostContext] Well known directory 'Root': 'C:\Users\gsss\Downloads\questionBank\actions-runner'
[2024-02-27 08:26:02Z INFO HostContext] Well known config file 'Service': 'C:\Users\gsss\Downloads\questionBank\actions-runner\.service'
[2024-02-27 08:26:02Z INFO ConfigurationStore] ServiceConfigFilePath: C:\Users\gsss\Downloads\questionBank\actions-runner\.service
[2024-02-27 08:26:02Z INFO CommandSettings] Flag 'help': 'False'
[2024-02-27 08:26:02Z INFO CommandSettings] Flag 'version': 'False'
[2024-02-27 08:26:02Z INFO CommandSettings] Flag 'commit': 'False'
[2024-02-27 08:26:02Z INFO CommandSettings] Flag 'check': 'False'
[2024-02-27 08:26:02Z INFO CommandSettings] Command 'configure': 'True'
[2024-02-27 08:26:02Z INFO Terminal] WRITE LINE: 
[2024-02-27 08:26:02Z INFO Terminal] WRITE LINE: --------------------------------------------------------------------------------
[2024-02-27 08:26:02Z INFO Terminal] WRITE LINE: |        ____ _ _   _   _       _          _        _   _                      |
[2024-02-27 08:26:02Z INFO Terminal] WRITE LINE: |       / ___(_) |_| | | |_   _| |__      / \   ___| |_(_) ___  _ __  ___      |
[2024-02-27 08:26:02Z INFO Terminal] WRITE LINE: |      | |  _| | __| |_| | | | | '_ \    / _ \ / __| __| |/ _ \| '_ \/ __|     |
[2024-02-27 08:26:02Z INFO Terminal] WRITE LINE: |      | |_| | | |_|  _  | |_| | |_) |  / ___ \ (__| |_| | (_) | | | \__ \     |
[2024-02-27 08:26:02Z INFO Terminal] WRITE LINE: |       \____|_|\__|_| |_|\__,_|_.__/  /_/   \_\___|\__|_|\___/|_| |_|___/     |
[2024-02-27 08:26:02Z INFO Terminal] WRITE LINE: |                                                                              |
[2024-02-27 08:26:02Z INFO Terminal] WRITE: |                       
[2024-02-27 08:26:02Z INFO Terminal] WRITE: Self-hosted runner registration
[2024-02-27 08:26:02Z INFO Terminal] WRITE LINE:                         |
[2024-02-27 08:26:02Z INFO Terminal] WRITE LINE: |                                                                              |
[2024-02-27 08:26:02Z INFO Terminal] WRITE LINE: --------------------------------------------------------------------------------
[2024-02-27 08:26:02Z INFO ConfigurationManager] ConfigureAsync
[2024-02-27 08:26:02Z INFO CommandSettings] Flag 'generateServiceConfig': 'False'
[2024-02-27 08:26:02Z INFO ConfigurationStore] IsConfigured()
[2024-02-27 08:26:02Z INFO ConfigurationStore] IsConfigured: False
[2024-02-27 08:26:02Z INFO ConfigurationManager] Is configured: False
[2024-02-27 08:26:02Z INFO CommandSettings] Arg 'url': 'https://github.com/GopiAgasthia/QBApp'
[2024-02-27 08:26:02Z INFO CommandSettings] Remove url from Arg dictionary.
[2024-02-27 08:26:02Z INFO CommandSettings] Arg 'token': '***'
[2024-02-27 08:26:02Z INFO CommandSettings] Remove token from Arg dictionary.
[2024-02-27 08:26:03Z INFO ConfigurationManager] Http response code: OK from 'POST https://api.github.com/actions/runner-registration' (E265:3F2833:3DA622:42B50A:65DD9C29)
[2024-02-27 08:26:03Z INFO ConfigurationManager] Using V2 flow: False
[2024-02-27 08:26:03Z INFO ConfigurationManager] cred retrieved via GitHub auth
[2024-02-27 08:26:03Z INFO RunnerServer] EstablishVssConnection
[2024-02-27 08:26:03Z INFO RunnerServer] Establish connection with 100 seconds timeout.
[2024-02-27 08:26:03Z INFO GitHubActionsService] Starting operation Location.GetConnectionData
[2024-02-27 08:26:03Z INFO RunnerServer] EstablishVssConnection
[2024-02-27 08:26:03Z INFO RunnerServer] Establish connection with 60 seconds timeout.
[2024-02-27 08:26:03Z INFO GitHubActionsService] Starting operation Location.GetConnectionData
[2024-02-27 08:26:03Z INFO RunnerServer] EstablishVssConnection
[2024-02-27 08:26:03Z INFO RunnerServer] Establish connection with 60 seconds timeout.
[2024-02-27 08:26:03Z INFO GitHubActionsService] Starting operation Location.GetConnectionData
[2024-02-27 08:26:04Z INFO GitHubActionsService] Finished operation Location.GetConnectionData
[2024-02-27 08:26:04Z INFO GitHubActionsService] Finished operation Location.GetConnectionData
[2024-02-27 08:26:04Z INFO GitHubActionsService] Finished operation Location.GetConnectionData
[2024-02-27 08:26:04Z INFO Terminal] WRITE LINE: 
[2024-02-27 08:26:04Z INFO ConfigurationManager] Test Connection complete.
[2024-02-27 08:26:04Z INFO HostContext] Well known directory 'Bin': 'C:\Users\gsss\Downloads\questionBank\actions-runner\bin'
[2024-02-27 08:26:04Z INFO HostContext] Well known directory 'Root': 'C:\Users\gsss\Downloads\questionBank\actions-runner'
[2024-02-27 08:26:04Z INFO HostContext] Well known config file 'RSACredentials': 'C:\Users\gsss\Downloads\questionBank\actions-runner\.credentials_rsaparams'
[2024-02-27 08:26:04Z INFO RSAEncryptedFileKeyManager] Found existing RSA key parameters file C:\Users\gsss\Downloads\questionBank\actions-runner\.credentials_rsaparams
[2024-02-27 08:26:04Z INFO CommandSettings] Arg 'runnergroup': ''
[2024-02-27 08:26:04Z INFO CommandSettings] Flag 'unattended': 'False'
[2024-02-27 08:26:04Z INFO PromptManager] ReadValue
[2024-02-27 08:26:04Z INFO Terminal] WRITE: Enter the name of the runner group to add this runner to: 
[2024-02-27 08:26:04Z INFO Terminal] WRITE: [press Enter for Default] 
[2024-02-27 08:26:04Z INFO Terminal] READ LINE
[2024-02-27 08:26:07Z INFO Terminal] Read value: ''
[2024-02-27 08:26:07Z INFO PromptManager] Falling back to the default: 'Default'
[2024-02-27 08:26:07Z INFO Terminal] WRITE LINE: 
[2024-02-27 08:26:07Z INFO ConfigurationManager] Found a self-hosted runner group with id 1 and name Default
[2024-02-27 08:26:07Z INFO CommandSettings] Flag 'disableupdate': 'False'
[2024-02-27 08:26:07Z INFO CommandSettings] Flag 'ephemeral': 'False'
[2024-02-27 08:26:07Z INFO CommandSettings] Arg 'name': ''
[2024-02-27 08:26:07Z INFO CommandSettings] Flag 'unattended': 'False'
[2024-02-27 08:26:07Z INFO PromptManager] ReadValue
[2024-02-27 08:26:07Z INFO Terminal] WRITE: Enter the name of runner: 
[2024-02-27 08:26:07Z INFO Terminal] WRITE: [press Enter for SAG-FFWTJX3] 
[2024-02-27 08:26:07Z INFO Terminal] READ LINE
[2024-02-27 08:34:26Z INFO Terminal] Read value: 'QBApp'
[2024-02-27 08:34:26Z INFO Terminal] WRITE LINE: 
[2024-02-27 08:34:26Z INFO CommandSettings] Arg 'labels': ''
[2024-02-27 08:34:26Z INFO CommandSettings] Flag 'unattended': 'False'
[2024-02-27 08:34:26Z INFO PromptManager] ReadValue
[2024-02-27 08:34:26Z INFO Terminal] WRITE: This runner will have the following labels: 'self-hosted', 'Windows', 'X64' 
Enter any additional labels (ex. label-1,label-2): 
[2024-02-27 08:34:26Z INFO Terminal] WRITE: [press Enter to skip] 
[2024-02-27 08:34:26Z INFO Terminal] READ LINE
[2024-02-27 08:34:35Z INFO Terminal] Read value: ''
[2024-02-27 08:34:35Z INFO Terminal] WRITE LINE: 
[2024-02-27 08:34:35Z INFO CommandSettings] Flag 'disableupdate': 'False'
[2024-02-27 08:34:35Z INFO CommandSettings] Flag 'no-default-labels': 'False'
[2024-02-27 08:34:36Z INFO CommandSettings] Flag 'disableupdate': 'False'
[2024-02-27 08:34:36Z INFO CommandSettings] Flag 'ephemeral': 'False'
[2024-02-27 08:34:36Z INFO ConfigurationStore] Saving OAuth credential @ C:\Users\gsss\Downloads\questionBank\actions-runner\.credentials
[2024-02-27 08:34:36Z INFO ConfigurationStore] Credentials Saved.
[2024-02-27 08:34:36Z INFO ConfigurationStore] HasCredentials()
[2024-02-27 08:34:36Z INFO ConfigurationStore] stored True
[2024-02-27 08:34:36Z INFO CredentialManager] GetCredentialProvider
[2024-02-27 08:34:36Z INFO CredentialManager] Creating type OAuth
[2024-02-27 08:34:36Z INFO CredentialManager] Creating credential type: OAuth
[2024-02-27 08:34:36Z INFO RSAEncryptedFileKeyManager] Loading RSA key parameters from file C:\Users\gsss\Downloads\questionBank\actions-runner\.credentials_rsaparams
[2024-02-27 08:34:36Z INFO RunnerServer] EstablishVssConnection
[2024-02-27 08:34:36Z INFO RunnerServer] Establish connection with 100 seconds timeout.
[2024-02-27 08:34:36Z INFO GitHubActionsService] Starting operation Location.GetConnectionData
[2024-02-27 08:34:36Z INFO RunnerServer] EstablishVssConnection
[2024-02-27 08:34:36Z INFO RunnerServer] Establish connection with 60 seconds timeout.
[2024-02-27 08:34:36Z INFO GitHubActionsService] Starting operation Location.GetConnectionData
[2024-02-27 08:34:36Z INFO RunnerServer] EstablishVssConnection
[2024-02-27 08:34:36Z INFO RunnerServer] Establish connection with 60 seconds timeout.
[2024-02-27 08:34:36Z INFO GitHubActionsService] Starting operation Location.GetConnectionData
[2024-02-27 08:34:37Z INFO GitHubActionsService] Finished operation Location.GetConnectionData
[2024-02-27 08:34:37Z INFO GitHubActionsService] Finished operation Location.GetConnectionData
[2024-02-27 08:34:37Z INFO GitHubActionsService] Finished operation Location.GetConnectionData
[2024-02-27 08:34:37Z INFO RSAEncryptedFileKeyManager] Loading RSA key parameters from file C:\Users\gsss\Downloads\questionBank\actions-runner\.credentials_rsaparams
[2024-02-27 08:34:37Z INFO RSAEncryptedFileKeyManager] Loading RSA key parameters from file C:\Users\gsss\Downloads\questionBank\actions-runner\.credentials_rsaparams
[2024-02-27 08:34:38Z INFO GitHubActionsService] AAD Correlation ID for this token request: Unknown
[2024-02-27 08:34:38Z INFO CommandSettings] Arg 'work': ''
[2024-02-27 08:34:38Z INFO CommandSettings] Flag 'unattended': 'False'
[2024-02-27 08:34:38Z INFO PromptManager] ReadValue
[2024-02-27 08:34:38Z INFO Terminal] WRITE: Enter name of work folder: 
[2024-02-27 08:34:38Z INFO Terminal] WRITE: [press Enter for _work] 
[2024-02-27 08:34:38Z INFO Terminal] READ LINE
[2024-02-27 08:34:46Z INFO Terminal] Read value: ''
[2024-02-27 08:34:46Z INFO PromptManager] Falling back to the default: '_work'
[2024-02-27 08:34:46Z INFO ConfigurationStore] Saving runner settings.
[2024-02-27 08:34:46Z INFO ConfigurationStore] Settings Saved.
[2024-02-27 08:34:46Z INFO Terminal] WRITE LINE: 
[2024-02-27 08:34:46Z INFO Terminal] WRITE LINE: 
[2024-02-27 08:34:46Z INFO CommandSettings] Flag 'runasservice': 'False'
[2024-02-27 08:34:46Z INFO CommandSettings] Flag 'unattended': 'False'
[2024-02-27 08:34:46Z INFO PromptManager] ReadValue
[2024-02-27 08:34:46Z INFO Terminal] WRITE: Would you like to run the runner as service? (Y/N) 
[2024-02-27 08:34:46Z INFO Terminal] WRITE: [press Enter for N] 
[2024-02-27 08:34:46Z INFO Terminal] READ LINE
[2024-02-27 08:35:52Z INFO Terminal] Read value: ''
[2024-02-27 08:35:52Z INFO PromptManager] Falling back to the default: 'N'
[2024-02-27 08:35:52Z INFO Listener] Runner execution has finished with return code 0
